proguard/seeds.txt
javax.activation.CommandMap
javax.activation.CommandMap: javax.activation.CommandMap defaultCommandMap
javax.activation.CommandMap: void <clinit>()
javax.activation.CommandMap: CommandMap()
javax.activation.CommandMap: javax.activation.CommandMap getDefaultCommandMap()
javax.activation.CommandMap: void setDefaultCommandMap(javax.activation.CommandMap)
javax.activation.CommandMap: javax.activation.CommandInfo[] getPreferredCommands(java.lang.String)
javax.activation.CommandMap: javax.activation.CommandInfo[] getPreferredCommands(java.lang.String,javax.activation.DataSource)
javax.activation.CommandMap: javax.activation.CommandInfo[] getAllCommands(java.lang.String)
javax.activation.CommandMap: javax.activation.CommandInfo[] getAllCommands(java.lang.String,javax.activation.DataSource)
javax.activation.CommandMap: javax.activation.CommandInfo getCommand(java.lang.String,java.lang.String)
javax.activation.CommandMap: javax.activation.CommandInfo getCommand(java.lang.String,java.lang.String,javax.activation.DataSource)
javax.activation.CommandMap: javax.activation.DataContentHandler createDataContentHandler(java.lang.String)
javax.activation.CommandMap: javax.activation.DataContentHandler createDataContentHandler(java.lang.String,javax.activation.DataSource)
javax.activation.CommandMap: java.lang.String[] getMimeTypes()
javax.activation.CommandObject
javax.activation.CommandObject: void setCommandContext(java.lang.String,javax.activation.DataHandler)
javax.activation.DataContentHandler
javax.activation.DataContentHandler: myjava.awt.datatransfer.DataFlavor[] getTransferDataFlavors()
javax.activation.DataContentHandler: java.lang.Object getTransferData(myjava.awt.datatransfer.DataFlavor,javax.activation.DataSource)
javax.activation.DataContentHandler: java.lang.Object getContent(javax.activation.DataSource)
javax.activation.DataContentHandler: void writeTo(java.lang.Object,java.lang.String,java.io.OutputStream)
javax.activation.DataContentHandlerFactory
javax.activation.DataContentHandlerFactory: javax.activation.DataContentHandler createDataContentHandler(java.lang.String)
javax.activation.DataHandler
javax.activation.DataHandler: javax.activation.DataSource dataSource
javax.activation.DataHandler: javax.activation.DataSource objDataSource
javax.activation.DataHandler: java.lang.Object object
javax.activation.DataHandler: java.lang.String objectMimeType
javax.activation.DataHandler: javax.activation.CommandMap currentCommandMap
javax.activation.DataHandler: myjava.awt.datatransfer.DataFlavor[] emptyFlavors
javax.activation.DataHandler: myjava.awt.datatransfer.DataFlavor[] transferFlavors
javax.activation.DataHandler: javax.activation.DataContentHandler dataContentHandler
javax.activation.DataHandler: javax.activation.DataContentHandler factoryDCH
javax.activation.DataHandler: javax.activation.DataContentHandlerFactory factory
javax.activation.DataHandler: javax.activation.DataContentHandlerFactory oldFactory
javax.activation.DataHandler: java.lang.String shortType
javax.activation.DataHandler: void <clinit>()
javax.activation.DataHandler: DataHandler(javax.activation.DataSource)
javax.activation.DataHandler: DataHandler(java.lang.Object,java.lang.String)
javax.activation.DataHandler: DataHandler(java.net.URL)
javax.activation.DataHandler: javax.activation.CommandMap getCommandMap()
javax.activation.DataHandler: javax.activation.DataSource getDataSource()
javax.activation.DataHandler: java.lang.String getName()
javax.activation.DataHandler: java.lang.String getContentType()
javax.activation.DataHandler: java.io.InputStream getInputStream()