proguard/mapping.txt
javax.mail.event.ConnectionListener -> javax.mail.event.ConnectionListener:
    void opened(javax.mail.event.ConnectionEvent) -> opened
    void disconnected(javax.mail.event.ConnectionEvent) -> disconnected
    void closed(javax.mail.event.ConnectionEvent) -> closed
javax.mail.event.FolderAdapter -> javax.mail.event.FolderAdapter:
    void folderCreated(javax.mail.event.FolderEvent) -> folderCreated
    void folderRenamed(javax.mail.event.FolderEvent) -> folderRenamed
    void folderDeleted(javax.mail.event.FolderEvent) -> folderDeleted
javax.mail.event.FolderEvent -> javax.mail.event.FolderEvent:
    int CREATED -> CREATED
    int DELETED -> DELETED
    int RENAMED -> RENAMED
    int type -> type
    javax.mail.Folder folder -> folder
    javax.mail.Folder newFolder -> newFolder
    long serialVersionUID -> serialVersionUID
    int getType() -> getType
    javax.mail.Folder getFolder() -> getFolder
    javax.mail.Folder getNewFolder() -> getNewFolder
    void dispatch(java.lang.Object) -> dispatch
javax.mail.event.FolderListener -> javax.mail.event.FolderListener:
    void folderCreated(javax.mail.event.FolderEvent) -> folderCreated
    void folderDeleted(javax.mail.event.FolderEvent) -> folderDeleted
    void folderRenamed(javax.mail.event.FolderEvent) -> folderRenamed
javax.mail.event.MailEvent -> javax.mail.event.MailEvent:
    long serialVersionUID -> serialVersionUID
    void dispatch(java.lang.Object) -> dispatch
javax.mail.event.MessageChangedEvent -> javax.mail.event.MessageChangedEvent:
    int FLAGS_CHANGED -> FLAGS_CHANGED
    int ENVELOPE_CHANGED -> ENVELOPE_CHANGED
    int type -> type
    javax.mail.Message msg -> msg
    long serialVersionUID -> serialVersionUID
    int getMessageChangeType() -> getMessageChangeType
    javax.mail.Message getMessage() -> getMessage
    void dispatch(java.lang.Object) -> dispatch
javax.mail.event.MessageChangedListener -> javax.mail.event.MessageChangedListener:
    void messageChanged(javax.mail.event.MessageChangedEvent) -> messageChanged
javax.mail.event.MessageCountAdapter -> javax.mail.event.MessageCountAdapter:
    void messagesAdded(javax.mail.event.MessageCountEvent) -> messagesAdded
    void messagesRemoved(javax.mail.event.MessageCountEvent) -> messagesRemoved
javax.mail.event.MessageCountEvent -> javax.mail.event.MessageCountEvent:
    int ADDED -> ADDED
    int REMOVED -> REMOVED
    int type -> type
    boolean removed -> removed
    javax.mail.Message[] msgs -> msgs
    long serialVersionUID -> serialVersionUID
    int getType() -> getType
    boolean isRemoved() -> isRemoved
    javax.mail.Message[] getMessages() -> getMessages
    void dispatch(java.lang.Object) -> dispatch
javax.mail.event.MessageCountListener -> javax.mail.event.MessageCountListener:
    void messagesAdded(javax.mail.event.MessageCountEvent) -> messagesAdded
    void messagesRemoved(javax.mail.event.MessageCountEvent) -> messagesRemoved
javax.mail.event.StoreEvent -> javax.mail.event.StoreEvent:
    int ALERT -> ALERT
    int NOTICE -> NOTICE
    int type -> type
    java.lang.String message -> message
    long serialVersionUID -> serialVersionUID
    int getMessageType() -> getMessageType
    java.lang.String getMessage() -> getMessage
    void dispatch(java.lang.Object) -> dispatch
javax.mail.event.StoreListener -> javax.mail.event.StoreListener:
    void notification(javax.mail.event.StoreEvent) -> notification
javax.mail.event.TransportAdapter -> javax.mail.event.TransportAdapter:
    void messageDelivered(javax.mail.event.TransportEvent) -> messageDelivered
    void messageNotDelivered(javax.mail.event.TransportEvent) -> messageNotDelivered
    void messagePartiallyDelivered(javax.mail.event.TransportEvent) -> messagePartiallyDelivered